<?xml version="1.0" encoding="UTF-8"?>
<testsuite name="com.zebra.emc.tools.ReadingList.ReadingListApplicationTests" time="0" tests="1" errors="0" skipped="1" failures="0">
  <properties>
[...]
</properties>
  <testcase name="contextLoads" classname="com.zebra.emc.tools.ReadingList.ReadingListApplicationTests" time="0">
    <skipped/>
    <system-out><![CDATA[14:49:12.771 [main] DEBUG org.springframework.test.context.junit4.SpringJUnit4ClassRunner - SpringJUnit4ClassRunner constructor called with [class com.zebra.emc.tools.ReadingList.ReadingListApplicationTests]
14:49:12.776 [main] DEBUG org.springframework.test.context.BootstrapUtils - Instantiating CacheAwareContextLoaderDelegate from class [org.springframework.test.context.cache.DefaultCacheAwareContextLoaderDelegate]
14:49:12.781 [main] DEBUG org.springframework.test.context.BootstrapUtils - Instantiating BootstrapContext using constructor [public org.springframework.test.context.support.DefaultBootstrapContext(java.lang.Class,org.springframework.test.context.CacheAwareContextLoaderDelegate)]
14:49:12.798 [main] DEBUG org.springframework.test.context.BootstrapUtils - Instantiating TestContextBootstrapper for test class [com.zebra.emc.tools.ReadingList.ReadingListApplicationTests] from class [org.springframework.test.context.web.WebTestContextBootstrapper]
14:49:12.817 [main] INFO org.springframework.test.context.web.WebTestContextBootstrapper - Neither @ContextConfiguration nor @ContextHierarchy found for test class [com.zebra.emc.tools.ReadingList.ReadingListApplicationTests], using WebDelegatingSmartContextLoader
14:49:12.824 [main] DEBUG org.springframework.test.context.support.AbstractDelegatingSmartContextLoader - Delegating to GenericGroovyXmlWebContextLoader to process context configuration [ContextConfigurationAttributes@31dc339b declaringClass = 'com.zebra.emc.tools.ReadingList.ReadingListApplicationTests', classes = '{}', locations = '{}', inheritLocations = false, initializers = '{}', inheritInitializers = true, name = [null], contextLoaderClass = 'org.springframework.test.context.ContextLoader'].
14:49:12.827 [main] DEBUG org.springframework.test.context.support.AbstractContextLoader - Did not detect default resource location for test class [com.zebra.emc.tools.ReadingList.ReadingListApplicationTests]: class path resource [com/zebra/emc/tools/ReadingList/ReadingListApplicationTests-context.xml] does not exist
14:49:12.828 [main] DEBUG org.springframework.test.context.support.AbstractContextLoader - Did not detect default resource location for test class [com.zebra.emc.tools.ReadingList.ReadingListApplicationTests]: class path resource [com/zebra/emc/tools/ReadingList/ReadingListApplicationTestsContext.groovy] does not exist
14:49:12.828 [main] INFO org.springframework.test.context.support.AbstractContextLoader - Could not detect default resource locations for test class [com.zebra.emc.tools.ReadingList.ReadingListApplicationTests]: no resource found for suffixes {-context.xml, Context.groovy}.
14:49:12.828 [main] DEBUG org.springframework.test.context.support.AbstractDelegatingSmartContextLoader - Delegating to AnnotationConfigWebContextLoader to process context configuration [ContextConfigurationAttributes@31dc339b declaringClass = 'com.zebra.emc.tools.ReadingList.ReadingListApplicationTests', classes = '{}', locations = '{}', inheritLocations = false, initializers = '{}', inheritInitializers = true, name = [null], contextLoaderClass = 'org.springframework.test.context.ContextLoader'].
14:49:12.829 [main] INFO org.springframework.test.context.support.AnnotationConfigContextLoaderUtils - Could not detect default configuration classes for test class [com.zebra.emc.tools.ReadingList.ReadingListApplicationTests]: ReadingListApplicationTests does not declare any static, non-private, non-final, nested classes annotated with @Configuration.
14:49:12.877 [main] DEBUG org.springframework.test.context.support.ActiveProfilesUtils - Could not find an 'annotation declaring class' for annotation type [org.springframework.test.context.ActiveProfiles] and class [com.zebra.emc.tools.ReadingList.ReadingListApplicationTests]
14:49:12.878 [main] DEBUG org.springframework.test.context.web.WebTestContextBootstrapper - @TestExecutionListeners is not present for class [com.zebra.emc.tools.ReadingList.ReadingListApplicationTests]: using defaults.
14:49:12.882 [main] INFO org.springframework.test.context.web.WebTestContextBootstrapper - Loaded default TestExecutionListener class names from location [META-INF/spring.factories]: [org.springframework.boot.test.mock.mockito.MockitoTestExecutionListener, org.springframework.boot.test.mock.mockito.ResetMocksTestExecutionListener, org.springframework.boot.test.autoconfigure.restdocs.RestDocsTestExecutionListener, org.springframework.boot.test.autoconfigure.web.client.MockRestServiceServerResetTestExecutionListener, org.springframework.boot.test.autoconfigure.web.servlet.MockMvcPrintOnlyOnFailureTestExecutionListener, org.springframework.boot.test.autoconfigure.web.servlet.WebDriverTestExecutionListener, org.springframework.test.context.web.ServletTestExecutionListener, org.springframework.test.context.support.DirtiesContextBeforeModesTestExecutionListener, org.springframework.test.context.support.DependencyInjectionTestExecutionListener, org.springframework.test.context.support.DirtiesContextTestExecutionListener, org.springframework.test.context.transaction.TransactionalTestExecutionListener, org.springframework.test.context.jdbc.SqlScriptsTestExecutionListener]
14:49:12.902 [main] INFO org.springframework.test.context.web.WebTestContextBootstrapper - Using TestExecutionListeners: [org.springframework.test.context.web.ServletTestExecutionListener@704d6e83, org.springframework.test.context.support.DirtiesContextBeforeModesTestExecutionListener@43a0cee9, org.springframework.test.context.support.DependencyInjectionTestExecutionListener@eb21112, org.springframework.test.context.support.DirtiesContextTestExecutionListener@2eda0940, org.springframework.test.context.transaction.TransactionalTestExecutionListener@3578436e, org.springframework.test.context.jdbc.SqlScriptsTestExecutionListener@706a04ae, org.springframework.boot.test.autoconfigure.restdocs.RestDocsTestExecutionListener@6eceb130, org.springframework.boot.test.autoconfigure.web.client.MockRestServiceServerResetTestExecutionListener@10a035a0, org.springframework.boot.test.mock.mockito.ResetMocksTestExecutionListener@67b467e9, org.springframework.boot.test.mock.mockito.MockitoTestExecutionListener@47db50c5, org.springframework.boot.test.autoconfigure.web.servlet.WebDriverTestExecutionListener@5c072e3f, org.springframework.boot.test.autoconfigure.web.servlet.MockMvcPrintOnlyOnFailureTestExecutionListener@4d1b0d2a]
14:49:12.904 [main] DEBUG org.springframework.test.annotation.ProfileValueUtils - Retrieved @ProfileValueSourceConfiguration [null] for test class [com.zebra.emc.tools.ReadingList.ReadingListApplicationTests]
14:49:12.904 [main] DEBUG org.springframework.test.annotation.ProfileValueUtils - Retrieved ProfileValueSource type [class org.springframework.test.annotation.SystemProfileValueSource] for class [com.zebra.emc.tools.ReadingList.ReadingListApplicationTests]
14:49:12.906 [main] DEBUG org.springframework.test.context.junit4.SpringJUnit4ClassRunner - SpringJUnit4ClassRunner constructor called with [class com.zebra.emc.tools.ReadingList.ReadingListApplicationTests]
14:49:12.906 [main] DEBUG org.springframework.test.context.BootstrapUtils - Instantiating CacheAwareContextLoaderDelegate from class [org.springframework.test.context.cache.DefaultCacheAwareContextLoaderDelegate]
14:49:12.906 [main] DEBUG org.springframework.test.context.BootstrapUtils - Instantiating BootstrapContext using constructor [public org.springframework.test.context.support.DefaultBootstrapContext(java.lang.Class,org.springframework.test.context.CacheAwareContextLoaderDelegate)]
14:49:12.907 [main] DEBUG org.springframework.test.context.BootstrapUtils - Instantiating TestContextBootstrapper for test class [com.zebra.emc.tools.ReadingList.ReadingListApplicationTests] from class [org.springframework.test.context.web.WebTestContextBootstrapper]
14:49:12.907 [main] INFO org.springframework.test.context.web.WebTestContextBootstrapper - Neither @ContextConfiguration nor @ContextHierarchy found for test class [com.zebra.emc.tools.ReadingList.ReadingListApplicationTests], using WebDelegatingSmartContextLoader
14:49:12.907 [main] DEBUG org.springframework.test.context.support.AbstractDelegatingSmartContextLoader - Delegating to GenericGroovyXmlWebContextLoader to process context configuration [ContextConfigurationAttributes@319b92f3 declaringClass = 'com.zebra.emc.tools.ReadingList.ReadingListApplicationTests', classes = '{}', locations = '{}', inheritLocations = false, initializers = '{}', inheritInitializers = true, name = [null], contextLoaderClass = 'org.springframework.test.context.ContextLoader'].
14:49:12.908 [main] DEBUG org.springframework.test.context.support.AbstractContextLoader - Did not detect default resource location for test class [com.zebra.emc.tools.ReadingList.ReadingListApplicationTests]: class path resource [com/zebra/emc/tools/ReadingList/ReadingListApplicationTests-context.xml] does not exist
14:49:12.908 [main] DEBUG org.springframework.test.context.support.AbstractContextLoader - Did not detect default resource location for test class [com.zebra.emc.tools.ReadingList.ReadingListApplicationTests]: class path resource [com/zebra/emc/tools/ReadingList/ReadingListApplicationTestsContext.groovy] does not exist
14:49:12.908 [main] INFO org.springframework.test.context.support.AbstractContextLoader - Could not detect default resource locations for test class [com.zebra.emc.tools.ReadingList.ReadingListApplicationTests]: no resource found for suffixes {-context.xml, Context.groovy}.
14:49:12.908 [main] DEBUG org.springframework.test.context.support.AbstractDelegatingSmartContextLoader - Delegating to AnnotationConfigWebContextLoader to process context configuration [ContextConfigurationAttributes@319b92f3 declaringClass = 'com.zebra.emc.tools.ReadingList.ReadingListApplicationTests', classes = '{}', locations = '{}', inheritLocations = false, initializers = '{}', inheritInitializers = true, name = [null], contextLoaderClass = 'org.springframework.test.context.ContextLoader'].
14:49:12.908 [main] INFO org.springframework.test.context.support.AnnotationConfigContextLoaderUtils - Could not detect default configuration classes for test class [com.zebra.emc.tools.ReadingList.ReadingListApplicationTests]: ReadingListApplicationTests does not declare any static, non-private, non-final, nested classes annotated with @Configuration.
14:49:12.914 [main] DEBUG org.springframework.test.context.support.ActiveProfilesUtils - Could not find an 'annotation declaring class' for annotation type [org.springframework.test.context.ActiveProfiles] and class [com.zebra.emc.tools.ReadingList.ReadingListApplicationTests]
14:49:12.915 [main] DEBUG org.springframework.test.context.web.WebTestContextBootstrapper - @TestExecutionListeners is not present for class [com.zebra.emc.tools.ReadingList.ReadingListApplicationTests]: using defaults.
14:49:12.919 [main] INFO org.springframework.test.context.web.WebTestContextBootstrapper - Loaded default TestExecutionListener class names from location [META-INF/spring.factories]: [org.springframework.boot.test.mock.mockito.MockitoTestExecutionListener, org.springframework.boot.test.mock.mockito.ResetMocksTestExecutionListener, org.springframework.boot.test.autoconfigure.restdocs.RestDocsTestExecutionListener, org.springframework.boot.test.autoconfigure.web.client.MockRestServiceServerResetTestExecutionListener, org.springframework.boot.test.autoconfigure.web.servlet.MockMvcPrintOnlyOnFailureTestExecutionListener, org.springframework.boot.test.autoconfigure.web.servlet.WebDriverTestExecutionListener, org.springframework.test.context.web.ServletTestExecutionListener, org.springframework.test.context.support.DirtiesContextBeforeModesTestExecutionListener, org.springframework.test.context.support.DependencyInjectionTestExecutionListener, org.springframework.test.context.support.DirtiesContextTestExecutionListener, org.springframework.test.context.transaction.TransactionalTestExecutionListener, org.springframework.test.context.jdbc.SqlScriptsTestExecutionListener]
14:49:12.919 [main] INFO org.springframework.test.context.web.WebTestContextBootstrapper - Using TestExecutionListeners: [org.springframework.test.context.web.ServletTestExecutionListener@73d4cc9e, org.springframework.test.context.support.DirtiesContextBeforeModesTestExecutionListener@80169cf, org.springframework.test.context.support.DependencyInjectionTestExecutionListener@5427c60c, org.springframework.test.context.support.DirtiesContextTestExecutionListener@15bfd87, org.springframework.test.context.transaction.TransactionalTestExecutionListener@543e710e, org.springframework.test.context.jdbc.SqlScriptsTestExecutionListener@57f23557, org.springframework.boot.test.autoconfigure.restdocs.RestDocsTestExecutionListener@3d0f8e03, org.springframework.boot.test.autoconfigure.web.client.MockRestServiceServerResetTestExecutionListener@6366ebe0, org.springframework.boot.test.mock.mockito.ResetMocksTestExecutionListener@44f75083, org.springframework.boot.test.mock.mockito.MockitoTestExecutionListener@2698dc7, org.springframework.boot.test.autoconfigure.web.servlet.WebDriverTestExecutionListener@43d7741f, org.springframework.boot.test.autoconfigure.web.servlet.MockMvcPrintOnlyOnFailureTestExecutionListener@17baae6e]
14:49:12.920 [main] DEBUG org.springframework.test.annotation.ProfileValueUtils - Retrieved @ProfileValueSourceConfiguration [null] for test class [com.zebra.emc.tools.ReadingList.ReadingListApplicationTests]
14:49:12.920 [main] DEBUG org.springframework.test.annotation.ProfileValueUtils - Retrieved ProfileValueSource type [class org.springframework.test.annotation.SystemProfileValueSource] for class [com.zebra.emc.tools.ReadingList.ReadingListApplicationTests]
14:49:12.921 [main] DEBUG org.springframework.test.annotation.ProfileValueUtils - Retrieved @ProfileValueSourceConfiguration [null] for test class [com.zebra.emc.tools.ReadingList.ReadingListApplicationTests]
14:49:12.921 [main] DEBUG org.springframework.test.annotation.ProfileValueUtils - Retrieved ProfileValueSource type [class org.springframework.test.annotation.SystemProfileValueSource] for class [com.zebra.emc.tools.ReadingList.ReadingListApplicationTests]
]]></system-out>
  </testcase>
</testsuite>