<?xml version="1.0" encoding="UTF-8"?>
<testsuite name="com.zebra.emc.tools.ReadingList.ReadingListApplicationTests" time="0" tests="1" errors="0" skipped="1" failures="0">
  <properties>
[...]
</properties>
  <testcase name="contextLoads" classname="com.zebra.emc.tools.ReadingList.ReadingListApplicationTests" time="0">
    <skipped/>
    <system-out><![CDATA[09:55:37.317 [main] DEBUG org.springframework.test.context.junit4.SpringJUnit4ClassRunner - SpringJUnit4ClassRunner constructor called with [class com.zebra.emc.tools.ReadingList.ReadingListApplicationTests]
09:55:37.322 [main] DEBUG org.springframework.test.context.BootstrapUtils - Instantiating CacheAwareContextLoaderDelegate from class [org.springframework.test.context.cache.DefaultCacheAwareContextLoaderDelegate]
09:55:37.331 [main] DEBUG org.springframework.test.context.BootstrapUtils - Instantiating BootstrapContext using constructor [public org.springframework.test.context.support.DefaultBootstrapContext(java.lang.Class,org.springframework.test.context.CacheAwareContextLoaderDelegate)]
09:55:37.350 [main] DEBUG org.springframework.test.context.BootstrapUtils - Instantiating TestContextBootstrapper for test class [com.zebra.emc.tools.ReadingList.ReadingListApplicationTests] from class [org.springframework.test.context.web.WebTestContextBootstrapper]
09:55:37.370 [main] INFO org.springframework.test.context.web.WebTestContextBootstrapper - Neither @ContextConfiguration nor @ContextHierarchy found for test class [com.zebra.emc.tools.ReadingList.ReadingListApplicationTests], using WebDelegatingSmartContextLoader
09:55:37.375 [main] DEBUG org.springframework.test.context.support.AbstractDelegatingSmartContextLoader - Delegating to GenericGroovyXmlWebContextLoader to process context configuration [ContextConfigurationAttributes@66480dd7 declaringClass = 'com.zebra.emc.tools.ReadingList.ReadingListApplicationTests', classes = '{}', locations = '{}', inheritLocations = false, initializers = '{}', inheritInitializers = true, name = [null], contextLoaderClass = 'org.springframework.test.context.ContextLoader'].
09:55:37.378 [main] DEBUG org.springframework.test.context.support.AbstractContextLoader - Did not detect default resource location for test class [com.zebra.emc.tools.ReadingList.ReadingListApplicationTests]: class path resource [com/zebra/emc/tools/ReadingList/ReadingListApplicationTests-context.xml] does not exist
09:55:37.379 [main] DEBUG org.springframework.test.context.support.AbstractContextLoader - Did not detect default resource location for test class [com.zebra.emc.tools.ReadingList.ReadingListApplicationTests]: class path resource [com/zebra/emc/tools/ReadingList/ReadingListApplicationTestsContext.groovy] does not exist
09:55:37.379 [main] INFO org.springframework.test.context.support.AbstractContextLoader - Could not detect default resource locations for test class [com.zebra.emc.tools.ReadingList.ReadingListApplicationTests]: no resource found for suffixes {-context.xml, Context.groovy}.
09:55:37.379 [main] DEBUG org.springframework.test.context.support.AbstractDelegatingSmartContextLoader - Delegating to AnnotationConfigWebContextLoader to process context configuration [ContextConfigurationAttributes@66480dd7 declaringClass = 'com.zebra.emc.tools.ReadingList.ReadingListApplicationTests', classes = '{}', locations = '{}', inheritLocations = false, initializers = '{}', inheritInitializers = true, name = [null], contextLoaderClass = 'org.springframework.test.context.ContextLoader'].
09:55:37.380 [main] INFO org.springframework.test.context.support.AnnotationConfigContextLoaderUtils - Could not detect default configuration classes for test class [com.zebra.emc.tools.ReadingList.ReadingListApplicationTests]: ReadingListApplicationTests does not declare any static, non-private, non-final, nested classes annotated with @Configuration.
09:55:37.419 [main] DEBUG org.springframework.test.context.support.ActiveProfilesUtils - Could not find an 'annotation declaring class' for annotation type [org.springframework.test.context.ActiveProfiles] and class [com.zebra.emc.tools.ReadingList.ReadingListApplicationTests]
09:55:37.420 [main] DEBUG org.springframework.test.context.web.WebTestContextBootstrapper - @TestExecutionListeners is not present for class [com.zebra.emc.tools.ReadingList.ReadingListApplicationTests]: using defaults.
09:55:37.424 [main] INFO org.springframework.test.context.web.WebTestContextBootstrapper - Loaded default TestExecutionListener class names from location [META-INF/spring.factories]: [org.springframework.boot.test.mock.mockito.MockitoTestExecutionListener, org.springframework.boot.test.mock.mockito.ResetMocksTestExecutionListener, org.springframework.boot.test.autoconfigure.restdocs.RestDocsTestExecutionListener, org.springframework.boot.test.autoconfigure.web.client.MockRestServiceServerResetTestExecutionListener, org.springframework.boot.test.autoconfigure.web.servlet.MockMvcPrintOnlyOnFailureTestExecutionListener, org.springframework.boot.test.autoconfigure.web.servlet.WebDriverTestExecutionListener, org.springframework.test.context.web.ServletTestExecutionListener, org.springframework.test.context.support.DirtiesContextBeforeModesTestExecutionListener, org.springframework.test.context.support.DependencyInjectionTestExecutionListener, org.springframework.test.context.support.DirtiesContextTestExecutionListener, org.springframework.test.context.transaction.TransactionalTestExecutionListener, org.springframework.test.context.jdbc.SqlScriptsTestExecutionListener]
09:55:37.442 [main] INFO org.springframework.test.context.web.WebTestContextBootstrapper - Using TestExecutionListeners: [org.springframework.test.context.web.ServletTestExecutionListener@67b467e9, org.springframework.test.context.support.DirtiesContextBeforeModesTestExecutionListener@47db50c5, org.springframework.test.context.support.DependencyInjectionTestExecutionListener@5c072e3f, org.springframework.test.context.support.DirtiesContextTestExecutionListener@4d1b0d2a, org.springframework.test.context.transaction.TransactionalTestExecutionListener@954b04f, org.springframework.test.context.jdbc.SqlScriptsTestExecutionListener@149494d8, org.springframework.boot.test.mock.mockito.ResetMocksTestExecutionListener@710726a3, org.springframework.boot.test.autoconfigure.web.servlet.WebDriverTestExecutionListener@646007f4, org.springframework.boot.test.autoconfigure.web.servlet.MockMvcPrintOnlyOnFailureTestExecutionListener@481a15ff, org.springframework.boot.test.mock.mockito.MockitoTestExecutionListener@78186a70, org.springframework.boot.test.autoconfigure.web.client.MockRestServiceServerResetTestExecutionListener@306279ee, org.springframework.boot.test.autoconfigure.restdocs.RestDocsTestExecutionListener@545997b1]
09:55:37.444 [main] DEBUG org.springframework.test.annotation.ProfileValueUtils - Retrieved @ProfileValueSourceConfiguration [null] for test class [com.zebra.emc.tools.ReadingList.ReadingListApplicationTests]
09:55:37.445 [main] DEBUG org.springframework.test.annotation.ProfileValueUtils - Retrieved ProfileValueSource type [class org.springframework.test.annotation.SystemProfileValueSource] for class [com.zebra.emc.tools.ReadingList.ReadingListApplicationTests]
09:55:37.446 [main] DEBUG org.springframework.test.context.junit4.SpringJUnit4ClassRunner - SpringJUnit4ClassRunner constructor called with [class com.zebra.emc.tools.ReadingList.ReadingListApplicationTests]
09:55:37.446 [main] DEBUG org.springframework.test.context.BootstrapUtils - Instantiating CacheAwareContextLoaderDelegate from class [org.springframework.test.context.cache.DefaultCacheAwareContextLoaderDelegate]
09:55:37.446 [main] DEBUG org.springframework.test.context.BootstrapUtils - Instantiating BootstrapContext using constructor [public org.springframework.test.context.support.DefaultBootstrapContext(java.lang.Class,org.springframework.test.context.CacheAwareContextLoaderDelegate)]
09:55:37.447 [main] DEBUG org.springframework.test.context.BootstrapUtils - Instantiating TestContextBootstrapper for test class [com.zebra.emc.tools.ReadingList.ReadingListApplicationTests] from class [org.springframework.test.context.web.WebTestContextBootstrapper]
09:55:37.447 [main] INFO org.springframework.test.context.web.WebTestContextBootstrapper - Neither @ContextConfiguration nor @ContextHierarchy found for test class [com.zebra.emc.tools.ReadingList.ReadingListApplicationTests], using WebDelegatingSmartContextLoader
09:55:37.448 [main] DEBUG org.springframework.test.context.support.AbstractDelegatingSmartContextLoader - Delegating to GenericGroovyXmlWebContextLoader to process context configuration [ContextConfigurationAttributes@376b4233 declaringClass = 'com.zebra.emc.tools.ReadingList.ReadingListApplicationTests', classes = '{}', locations = '{}', inheritLocations = false, initializers = '{}', inheritInitializers = true, name = [null], contextLoaderClass = 'org.springframework.test.context.ContextLoader'].
09:55:37.448 [main] DEBUG org.springframework.test.context.support.AbstractContextLoader - Did not detect default resource location for test class [com.zebra.emc.tools.ReadingList.ReadingListApplicationTests]: class path resource [com/zebra/emc/tools/ReadingList/ReadingListApplicationTests-context.xml] does not exist
09:55:37.448 [main] DEBUG org.springframework.test.context.support.AbstractContextLoader - Did not detect default resource location for test class [com.zebra.emc.tools.ReadingList.ReadingListApplicationTests]: class path resource [com/zebra/emc/tools/ReadingList/ReadingListApplicationTestsContext.groovy] does not exist
09:55:37.448 [main] INFO org.springframework.test.context.support.AbstractContextLoader - Could not detect default resource locations for test class [com.zebra.emc.tools.ReadingList.ReadingListApplicationTests]: no resource found for suffixes {-context.xml, Context.groovy}.
09:55:37.449 [main] DEBUG org.springframework.test.context.support.AbstractDelegatingSmartContextLoader - Delegating to AnnotationConfigWebContextLoader to process context configuration [ContextConfigurationAttributes@376b4233 declaringClass = 'com.zebra.emc.tools.ReadingList.ReadingListApplicationTests', classes = '{}', locations = '{}', inheritLocations = false, initializers = '{}', inheritInitializers = true, name = [null], contextLoaderClass = 'org.springframework.test.context.ContextLoader'].
09:55:37.449 [main] INFO org.springframework.test.context.support.AnnotationConfigContextLoaderUtils - Could not detect default configuration classes for test class [com.zebra.emc.tools.ReadingList.ReadingListApplicationTests]: ReadingListApplicationTests does not declare any static, non-private, non-final, nested classes annotated with @Configuration.
09:55:37.454 [main] DEBUG org.springframework.test.context.support.ActiveProfilesUtils - Could not find an 'annotation declaring class' for annotation type [org.springframework.test.context.ActiveProfiles] and class [com.zebra.emc.tools.ReadingList.ReadingListApplicationTests]
09:55:37.454 [main] DEBUG org.springframework.test.context.web.WebTestContextBootstrapper - @TestExecutionListeners is not present for class [com.zebra.emc.tools.ReadingList.ReadingListApplicationTests]: using defaults.
09:55:37.458 [main] INFO org.springframework.test.context.web.WebTestContextBootstrapper - Loaded default TestExecutionListener class names from location [META-INF/spring.factories]: [org.springframework.boot.test.mock.mockito.MockitoTestExecutionListener, org.springframework.boot.test.mock.mockito.ResetMocksTestExecutionListener, org.springframework.boot.test.autoconfigure.restdocs.RestDocsTestExecutionListener, org.springframework.boot.test.autoconfigure.web.client.MockRestServiceServerResetTestExecutionListener, org.springframework.boot.test.autoconfigure.web.servlet.MockMvcPrintOnlyOnFailureTestExecutionListener, org.springframework.boot.test.autoconfigure.web.servlet.WebDriverTestExecutionListener, org.springframework.test.context.web.ServletTestExecutionListener, org.springframework.test.context.support.DirtiesContextBeforeModesTestExecutionListener, org.springframework.test.context.support.DependencyInjectionTestExecutionListener, org.springframework.test.context.support.DirtiesContextTestExecutionListener, org.springframework.test.context.transaction.TransactionalTestExecutionListener, org.springframework.test.context.jdbc.SqlScriptsTestExecutionListener]
09:55:37.458 [main] INFO org.springframework.test.context.web.WebTestContextBootstrapper - Using TestExecutionListeners: [org.springframework.test.context.web.ServletTestExecutionListener@44f75083, org.springframework.test.context.support.DirtiesContextBeforeModesTestExecutionListener@2698dc7, org.springframework.test.context.support.DependencyInjectionTestExecutionListener@43d7741f, org.springframework.test.context.support.DirtiesContextTestExecutionListener@17baae6e, org.springframework.test.context.transaction.TransactionalTestExecutionListener@69379752, org.springframework.test.context.jdbc.SqlScriptsTestExecutionListener@27fe3806, org.springframework.boot.test.mock.mockito.ResetMocksTestExecutionListener@5f71c76a, org.springframework.boot.test.autoconfigure.web.servlet.WebDriverTestExecutionListener@1d7acb34, org.springframework.boot.test.autoconfigure.web.servlet.MockMvcPrintOnlyOnFailureTestExecutionListener@48a242ce, org.springframework.boot.test.mock.mockito.MockitoTestExecutionListener@1e4a7dd4, org.springframework.boot.test.autoconfigure.web.client.MockRestServiceServerResetTestExecutionListener@4f51b3e0, org.springframework.boot.test.autoconfigure.restdocs.RestDocsTestExecutionListener@4b9e255]
09:55:37.459 [main] DEBUG org.springframework.test.annotation.ProfileValueUtils - Retrieved @ProfileValueSourceConfiguration [null] for test class [com.zebra.emc.tools.ReadingList.ReadingListApplicationTests]
09:55:37.459 [main] DEBUG org.springframework.test.annotation.ProfileValueUtils - Retrieved ProfileValueSource type [class org.springframework.test.annotation.SystemProfileValueSource] for class [com.zebra.emc.tools.ReadingList.ReadingListApplicationTests]
09:55:37.460 [main] DEBUG org.springframework.test.annotation.ProfileValueUtils - Retrieved @ProfileValueSourceConfiguration [null] for test class [com.zebra.emc.tools.ReadingList.ReadingListApplicationTests]
09:55:37.460 [main] DEBUG org.springframework.test.annotation.ProfileValueUtils - Retrieved ProfileValueSource type [class org.springframework.test.annotation.SystemProfileValueSource] for class [com.zebra.emc.tools.ReadingList.ReadingListApplicationTests]
]]></system-out>
  </testcase>
</testsuite>